$ node lin-reg.js train prices-25000
2017-07-08T02:13:16.056Z
Action: train
Model name: prices-25000
Loaded model parameters from prices-25000.json
xTest
--------------------------------------------------------------------------------------------------------------------------------------------------------------
0       1       2       3       4       5       6       7       8       9       10      11      12      13      14      15      16      17      18      19
------  ------  ------  ------  ------  ------  ------  ------  ------  ------  ------  ------  ------  ------  ------  ------  ------  ------  ------  ------
2.7448  0.322   0.6709  0.7757  7.5436  0.6407  0.8041  1.5691  5.0138  1.8126  2.3135  5.4194  0.1777  0.3723  4.2012  1.744   2.2596  1.8732  5.3825  4.6606
0       7.4492  0       0.7244  4.404   6.1237  0       5.3388  0.3877  0.8508  2.726   7.2971  4.1327  0.5297  0       2.3155  0       0.7024  5.3679  0
0.1395  2.8695  1.8204  1.4317  3.7279  1.993   2.4635  5.465   0       0.2364  4.1476  0.6087  0.6604  1.2896  6.6053  5.2518  3.1101  1.5731  0.287   3.9172
0.3538  6.2269  2.1304  5.3032  0.0358  0.3507  4.5364  1.0343  5.5223  0.0374  7.361   1.1802  0       2.0134  5.9147  0.3406  2.9551  5.7545  1.083   1.2828
0       3.8779  3.1939  3.5277  1.3827  0.5233  3.0449  4.4425  4.6414  4.9432  2.9758  3.1672  0.7392  1.8036  6.7099  4.793   1.7196  2.7528  1.9763  0.2068

yTest
------
0
------
588.03
461.64
538.65
550.34
592.97

Model parameters [
  3.9370435721596486,
  8.265030298988096,
  8.468084037141567,
  8.258159572793048,
  8.369217541082264,
  9.118556230617122,
  9.122420341925356,
  9.014769104787142,
  9.423191762818966,
  9.587636246840374,
  8.953446978781736,
  9.549583772024155,
  9.934961025972594,
  9.63508906873205,
  10.15003185600216,
  9.469664907108351,
  9.958897581333533,
  10.392996756479388,
  10.30523969621325,
  9.985210488666217,
  10.501911669348447
]

Fri Jul 07 2017 20:13:16  cost 2720.9648442340635
Fri Jul 07 2017 20:15:02  cost 0.2530022299080007
Fri Jul 07 2017 20:16:38  cost 0.16366164872305566
Fri Jul 07 2017 20:18:14  cost 0.10586968738123054
Fri Jul 07 2017 20:19:47  cost 0.06848565930085512
Fri Jul 07 2017 20:21:25  cost 0.04430296117008863
Fri Jul 07 2017 20:23:00  cost 0.02865983979144928
Fri Jul 07 2017 20:24:51  cost 0.01854073541593155
Fri Jul 07 2017 20:26:25  cost 0.011994965496737087
Fri Jul 07 2017 20:27:56  cost 0.007760687220222545
Fri Jul 07 2017 20:29:26  cost 0.005021649224037052
Fri Jul 07 2017 20:30:57  cost 0.003249840983147699
Fri Jul 07 2017 20:32:39  cost 0.0021037070314260846
Fri Jul 07 2017 20:34:22  cost 0.0013623045449867681
Fri Jul 07 2017 20:35:58  cost 0.0008827116962863936
Fri Jul 07 2017 20:37:29  cost 0.0005724762914536326
Fri Jul 07 2017 20:39:01  cost 0.00037179355260007576
Fri Jul 07 2017 20:40:32  cost 0.00024197741605864721
Fri Jul 07 2017 20:42:09  cost 0.00015800293273827813
Fri Jul 07 2017 20:43:47  cost 0.00010368215231147798
Fri Jul 07 2017 20:45:24  cost 0.00006854353556144225
Fri Jul 07 2017 20:47:00  cost 0.000045813332176934725
Fri Jul 07 2017 20:48:36  cost 0.000031109789644905104
Fri Jul 07 2017 20:50:13  cost 0.00002159847294729435
Fri Jul 07 2017 20:51:49  cost 0.000015445864137188287
Fri Jul 07 2017 20:53:29  cost 0.000011465910953662996
Fri Jul 07 2017 20:55:13  cost 0.00000889138885548711
Fri Jul 07 2017 20:56:56  cost 0.0000072260014179033525
Fri Jul 07 2017 20:58:38  cost 0.0000061487081527939486
Fri Jul 07 2017 21:00:15  cost 0.000005451836810502535
Fri Jul 07 2017 21:01:45  cost 0.000005001049932476191
Fri Jul 07 2017 21:03:18  cost 0.000004709448316690542
Fri Jul 07 2017 21:04:52  cost 0.000004520819262761807
Fri Jul 07 2017 21:06:26  cost 0.000004398800323011039
Fri Jul 07 2017 21:08:01  cost 0.000004319869631545521
Fri Jul 07 2017 21:09:50  cost 0.000004268811541151485
Fri Jul 07 2017 21:11:22  cost 0.000004235783468722962
Fri Jul 07 2017 21:12:55  cost 0.000004214418518331623
Fri Jul 07 2017 21:14:25  cost 0.000004200598120359448
Fri Jul 07 2017 21:15:54  cost 0.000004191658085551701
Fri Jul 07 2017 21:17:26  cost 0.000004185875023264579
Fri Jul 07 2017 21:18:59  cost 0.00000418213411954618
Fri Jul 07 2017 21:20:34  cost 0.000004179714231964771
Fri Jul 07 2017 21:22:07  cost 0.000004178148873337988
Fri Jul 07 2017 21:23:40  cost 0.000004177136285956507
Fri Jul 07 2017 21:25:13  cost 0.0000041764812710627856
Fri Jul 07 2017 21:26:45  cost 0.000004176057559973582
Fri Jul 07 2017 21:28:18  cost 0.000004175783472936317
Fri Jul 07 2017 21:29:46  cost 0.000004175606173581621
Fri Jul 07 2017 21:31:27  cost 0.000004175491483514548

Fri Jul 07 2017 21:33:07  cost 0.0000041754172936668655
Fri Jul 07 2017 21:34:49  cost 0.0000041753693023009115
Fri Jul 07 2017 21:36:22  cost 0.000004175338258005505
Fri Jul 07 2017 21:37:55  cost 0.000004175318176306817
Fri Jul 07 2017 21:39:28  cost 0.000004175305186006464
Fri Jul 07 2017 21:41:02  cost 0.000004175296782939165
Fri Jul 07 2017 21:42:37  cost 0.000004175291347229334
Fri Jul 07 2017 21:44:14  cost 0.00000417528783101721
Fri Jul 07 2017 21:45:48  cost 0.0000041752855564767595
Fri Jul 07 2017 21:47:21  cost 0.000004175284085138065
Fri Jul 07 2017 21:48:53  cost 0.000004175283133370311
Fri Jul 07 2017 21:50:26  cost 0.00000417528251769712
Fri Jul 07 2017 21:52:01  cost 0.000004175282119435399
Fri Jul 07 2017 21:53:34  cost 0.000004175281861810778
Fri Jul 07 2017 21:55:06  cost 0.000004175281695160279
Fri Jul 07 2017 21:56:34  cost 0.000004175281587356689
Fri Jul 07 2017 21:58:01  cost 0.000004175281517627187
Fri Jul 07 2017 21:59:29  cost 0.000004175281472517637
Fri Jul 07 2017 22:00:54  cost 0.000004175281443337643
Fri Jul 07 2017 22:02:22  cost 0.00000417528142446151
Fri Jul 07 2017 22:03:49  cost 0.00000417528141225127
Fri Jul 07 2017 22:05:15  cost 0.000004175281404354405
Fri Jul 07 2017 22:06:42  cost 0.000004175281399243534
Fri Jul 07 2017 22:08:10  cost 0.000004175281395940226
Fri Jul 07 2017 22:09:37  cost 0.0000041752813938016974
Fri Jul 07 2017 22:11:05  cost 0.000004175281392418816
Fri Jul 07 2017 22:12:33  cost 0.000004175281391523853
Fri Jul 07 2017 22:14:00  cost 0.000004175281390944191

Fri Jul 07 2017 22:15:35  cost 0.000004175281390570631
Fri Jul 07 2017 22:17:08  cost 0.000004175281390329427
Fri Jul 07 2017 22:18:41  cost 0.0000041752813901711025
Fri Jul 07 2017 22:20:14  cost 0.00000417528139006964
Fri Jul 07 2017 22:21:48  cost 0.0000041752813900045555
Fri Jul 07 2017 22:23:22  cost 0.0000041752813899616626
Fri Jul 07 2017 22:24:55  cost 0.000004175281389935442
Fri Jul 07 2017 22:26:29  cost 0.000004175281389918049
Fri Jul 07 2017 22:28:02  cost 0.000004175281389906395
Fri Jul 07 2017 22:29:33  cost 0.000004175281389897728
Fri Jul 07 2017 22:31:06  cost 0.000004175281389894039
Fri Jul 07 2017 22:32:37  cost 0.000004175281389890585
Fri Jul 07 2017 22:34:10  cost 0.000004175281389888765
Fri Jul 07 2017 22:35:39  cost 0.000004175281389887004
Fri Jul 07 2017 22:37:07  cost 0.000004175281389887619
Fri Jul 07 2017 22:38:34  cost 0.000004175281389886692
Fri Jul 07 2017 22:40:02  cost 0.00000417528138988506
Fri Jul 07 2017 22:41:29  cost 0.000004175281389884975
Fri Jul 07 2017 22:42:57  cost 0.000004175281389886167
Fri Jul 07 2017 22:44:25  cost 0.000004175281389885435
Fri Jul 07 2017 22:45:55  cost 0.00000417528138988272
Fri Jul 07 2017 22:47:23  cost 0.0000041752813898844004
Fri Jul 07 2017 22:48:50  cost 0.000004175281389883208
Fri Jul 07 2017 22:50:18  cost 0.000004175281389886939
Fri Jul 07 2017 22:51:45  cost 0.000004175281389885063
Fri Jul 07 2017 22:53:13  cost 0.000004175281389885247
Fri Jul 07 2017 22:54:40  cost 0.000004175281389885738
Fri Jul 07 2017 22:56:02  cost 0.000004175281389882048
Fri Jul 07 2017 22:57:29  cost 0.000004175281389883248
Fri Jul 07 2017 22:58:57  cost 0.000004175281389884596
Fri Jul 07 2017 23:00:23  cost 0.0000041752813898841
Fri Jul 07 2017 23:01:51  cost 0.0000041752813898855406
Fri Jul 07 2017 23:03:18  cost 0.000004175281389884959
Fri Jul 07 2017 23:04:45  cost 0.000004175281389884201
Fri Jul 07 2017 23:06:11  cost 0.0000041752813898865595
Fri Jul 07 2017 23:07:38  cost 0.000004175281389884383
Fri Jul 07 2017 23:09:06  cost 0.000004175281389887278
Fri Jul 07 2017 23:10:34  cost 0.000004175281389885357
Fri Jul 07 2017 23:12:01  cost 0.000004175281389885391
Fri Jul 07 2017 23:13:28  cost 0.000004175281389884499
Fri Jul 07 2017 23:14:54  cost 0.000004175281389885461
Fri Jul 07 2017 23:16:15  cost 0.000004175281389886202
Fri Jul 07 2017 23:17:42  cost 0.00000417528138988781
Fri Jul 07 2017 23:19:10  cost 0.000004175281389884832
Fri Jul 07 2017 23:20:38  cost 0.000004175281389886587
Fri Jul 07 2017 23:22:05  cost 0.000004175281389885556
Fri Jul 07 2017 23:23:33  cost 0.000004175281389885574
Fri Jul 07 2017 23:24:56  cost 0.0000041752813898857565
Fri Jul 07 2017 23:26:23  cost 0.000004175281389887043
Fri Jul 07 2017 23:27:51  cost 0.000004175281389884227
Fri Jul 07 2017 23:29:18  cost 0.000004175281389884944
Fri Jul 07 2017 23:30:46  cost 0.000004175281389884137
Fri Jul 07 2017 23:32:13  cost 0.000004175281389885221
Fri Jul 07 2017 23:33:40  cost 0.000004175281389885759
Fri Jul 07 2017 23:35:08  cost 0.000004175281389886888
Fri Jul 07 2017 23:36:35  cost 0.000004175281389885476
Fri Jul 07 2017 23:38:03  cost 0.000004175281389887015
Fri Jul 07 2017 23:39:27  cost 0.000004175281389886702
Fri Jul 07 2017 23:40:55  cost 0.000004175281389887586
Fri Jul 07 2017 23:42:23  cost 0.000004175281389886999
Fri Jul 07 2017 23:43:49  cost 0.000004175281389886308
Fri Jul 07 2017 23:45:20  cost 0.000004175281389883602
Fri Jul 07 2017 23:46:48  cost 0.000004175281389884634
Fri Jul 07 2017 23:48:16  cost 0.000004175281389885205
Fri Jul 07 2017 23:49:44  cost 0.000004175281389883294
Fri Jul 07 2017 23:51:12  cost 0.0000041752813898847266
Fri Jul 07 2017 23:52:39  cost 0.0000041752813898843666
Fri Jul 07 2017 23:54:07  cost 0.000004175281389883516
Fri Jul 07 2017 23:55:34  cost 0.000004175281389882979
Fri Jul 07 2017 23:57:01  cost 0.000004175281389884201
Fri Jul 07 2017 23:58:29  cost 0.000004175281389884334
Fri Jul 07 2017 23:59:57  cost 0.000004175281389883654
Sat Jul 08 2017 00:01:24  cost 0.000004175281389883984
Sat Jul 08 2017 00:02:52  cost 0.0000041752813898840904
Sat Jul 08 2017 00:04:20  cost 0.0000041752813898840904
Sat Jul 08 2017 00:05:48  cost 0.0000041752813898840904
Sat Jul 08 2017 00:07:16  cost 0.000004175281389884135
Sat Jul 08 2017 00:08:43  cost 0.0000041752813898840904
Sat Jul 08 2017 00:10:11  cost 0.0000041752813898840904
Sat Jul 08 2017 00:11:39  cost 0.000004175281389884135
Sat Jul 08 2017 00:13:05  cost 0.0000041752813898840904
Sat Jul 08 2017 00:14:32  cost 0.0000041752813898840904
Sat Jul 08 2017 00:16:00  cost 0.0000041752813898840904
Sat Jul 08 2017 00:17:18  cost 0.0000041752813898840904
Sat Jul 08 2017 00:18:43  cost 0.0000041752813898840904
Sat Jul 08 2017 00:20:10  cost 0.0000041752813898840904
Sat Jul 08 2017 00:21:38  cost 0.0000041752813898840904
Sat Jul 08 2017 00:23:05  cost 0.0000041752813898840904
Sat Jul 08 2017 00:24:33  cost 0.000004175281389884111
Sat Jul 08 2017 00:26:00  cost 0.0000041752813898840904
Sat Jul 08 2017 00:27:29  cost 0.0000041752813898840904
Sat Jul 08 2017 00:28:56  cost 0.0000041752813898840904
Sat Jul 08 2017 00:30:24  cost 0.0000041752813898840904
Sat Jul 08 2017 00:31:51  cost 0.000004175281389884135
Sat Jul 08 2017 00:33:18  cost 0.0000041752813898840904
Sat Jul 08 2017 00:34:45  cost 0.0000041752813898840904
Sat Jul 08 2017 00:36:10  cost 0.000004175281389884135
Sat Jul 08 2017 00:37:38  cost 0.0000041752813898840904
Sat Jul 08 2017 00:39:05  cost 0.0000041752813898840904
Sat Jul 08 2017 00:40:33  cost 0.0000041752813898840904
Sat Jul 08 2017 00:42:00  cost 0.0000041752813898840904
Sat Jul 08 2017 00:43:27  cost 0.0000041752813898840904
Sat Jul 08 2017 00:44:53  cost 0.0000041752813898840904
Sat Jul 08 2017 00:46:24  cost 0.0000041752813898840904
Sat Jul 08 2017 00:47:50  cost 0.0000041752813898840904
Sat Jul 08 2017 00:49:18  cost 0.000004175281389884111
Sat Jul 08 2017 00:50:46  cost 0.0000041752813898840904
Sat Jul 08 2017 00:52:13  cost 0.0000041752813898840904
Sat Jul 08 2017 00:53:38  cost 0.0000041752813898840904
Sat Jul 08 2017 00:55:06  cost 0.0000041752813898840904
Sat Jul 08 2017 00:56:34  cost 0.000004175281389884135
Sat Jul 08 2017 00:58:02  cost 0.0000041752813898840904
Sat Jul 08 2017 00:59:29  cost 0.0000041752813898840904
Sat Jul 08 2017 01:00:57  cost 0.000004175281389884135
Sat Jul 08 2017 01:02:17  cost 0.0000041752813898840904
Sat Jul 08 2017 01:03:44  cost 0.0000041752813898840904
Sat Jul 08 2017 01:05:12  cost 0.0000041752813898840904
Sat Jul 08 2017 01:06:39  cost 0.0000041752813898840904
Sat Jul 08 2017 01:08:07  cost 0.0000041752813898840904
Sat Jul 08 2017 01:09:35  cost 0.0000041752813898840904
Sat Jul 08 2017 01:11:02  cost 0.0000041752813898840904
Sat Jul 08 2017 01:12:29  cost 0.0000041752813898840904
Sat Jul 08 2017 01:13:57  cost 0.000004175281389884111
Sat Jul 08 2017 01:15:22  cost 0.0000041752813898840904
Sat Jul 08 2017 01:16:45  cost 0.0000041752813898840904
Sat Jul 08 2017 01:18:13  cost 0.0000041752813898840904
Sat Jul 08 2017 01:19:40  cost 0.0000041752813898840904
Sat Jul 08 2017 01:21:07  cost 0.000004175281389884135
Sat Jul 08 2017 01:22:34  cost 0.0000041752813898840904
Sat Jul 08 2017 01:24:01  cost 0.0000041752813898840904
Sat Jul 08 2017 01:25:20  cost 0.000004175281389884135
Sat Jul 08 2017 01:26:47  cost 0.0000041752813898840904
Sat Jul 08 2017 01:28:14  cost 0.0000041752813898840904
Sat Jul 08 2017 01:29:37  cost 0.0000041752813898840904
Sat Jul 08 2017 01:31:05  cost 0.0000041752813898840904
Sat Jul 08 2017 01:32:32  cost 0.0000041752813898840904
Sat Jul 08 2017 01:33:59  cost 0.0000041752813898840904
Sat Jul 08 2017 01:35:26  cost 0.0000041752813898840904
Sat Jul 08 2017 01:36:53  cost 0.0000041752813898840904
Sat Jul 08 2017 01:38:20  cost 0.000004175281389884111
Sat Jul 08 2017 01:39:48  cost 0.0000041752813898840904
Sat Jul 08 2017 01:41:15  cost 0.0000041752813898840904
Sat Jul 08 2017 01:42:42  cost 0.0000041752813898840904
Sat Jul 08 2017 01:44:08  cost 0.0000041752813898840904
Sat Jul 08 2017 01:45:37  cost 0.000004175281389884135
Sat Jul 08 2017 01:47:08  cost 0.0000041752813898840904
Sat Jul 08 2017 01:48:36  cost 0.0000041752813898840904
Sat Jul 08 2017 01:50:03  cost 0.000004175281389884135
Sat Jul 08 2017 01:51:31  cost 0.0000041752813898840904
Sat Jul 08 2017 01:52:58  cost 0.0000041752813898840904
Sat Jul 08 2017 01:54:26  cost 0.0000041752813898840904
Sat Jul 08 2017 01:55:53  cost 0.0000041752813898840904
Sat Jul 08 2017 01:57:20  cost 0.0000041752813898840904
Sat Jul 08 2017 01:58:48  cost 0.0000041752813898840904
Sat Jul 08 2017 02:00:14  cost 0.0000041752813898840904
Sat Jul 08 2017 02:01:42  cost 0.0000041752813898840904
Sat Jul 08 2017 02:03:09  cost 0.000004175281389884111
Sat Jul 08 2017 02:04:35  cost 0.0000041752813898840904
Sat Jul 08 2017 02:06:02  cost 0.0000041752813898840904
Sat Jul 08 2017 02:07:29  cost 0.0000041752813898840904
Sat Jul 08 2017 02:08:56  cost 0.0000041752813898840904
Sat Jul 08 2017 02:10:24  cost 0.000004175281389884135
Sat Jul 08 2017 02:11:51  cost 0.0000041752813898840904
Sat Jul 08 2017 02:13:18  cost 0.0000041752813898840904
Sat Jul 08 2017 02:14:45  cost 0.000004175281389884135
Sat Jul 08 2017 02:16:13  cost 0.0000041752813898840904
Sat Jul 08 2017 02:17:38  cost 0.0000041752813898840904
Sat Jul 08 2017 02:19:05  cost 0.0000041752813898840904
Sat Jul 08 2017 02:20:32  cost 0.0000041752813898840904
Sat Jul 08 2017 02:21:59  cost 0.0000041752813898840904
Sat Jul 08 2017 02:23:26  cost 0.0000041752813898840904
Sat Jul 08 2017 02:24:54  cost 0.0000041752813898840904
Sat Jul 08 2017 02:26:18  cost 0.0000041752813898840904
Sat Jul 08 2017 02:27:45  cost 0.000004175281389884111
Sat Jul 08 2017 02:29:12  cost 0.0000041752813898840904
Sat Jul 08 2017 02:30:39  cost 0.0000041752813898840904
Sat Jul 08 2017 02:32:07  cost 0.0000041752813898840904
Sat Jul 08 2017 02:33:34  cost 0.0000041752813898840904
Sat Jul 08 2017 02:34:57  cost 0.000004175281389884135
Sat Jul 08 2017 02:36:24  cost 0.0000041752813898840904
Sat Jul 08 2017 02:37:51  cost 0.0000041752813898840904
Sat Jul 08 2017 02:39:18  cost 0.000004175281389884135
Sat Jul 08 2017 02:40:46  cost 0.0000041752813898840904
Sat Jul 08 2017 02:42:13  cost 0.0000041752813898840904
Sat Jul 08 2017 02:43:40  cost 0.0000041752813898840904
Sat Jul 08 2017 02:45:08  cost 0.0000041752813898840904
Sat Jul 08 2017 02:46:39  cost 0.0000041752813898840904
Sat Jul 08 2017 02:48:07  cost 0.0000041752813898840904
Sat Jul 08 2017 02:49:33  cost 0.0000041752813898840904
Sat Jul 08 2017 02:51:00  cost 0.0000041752813898840904
Sat Jul 08 2017 02:52:28  cost 0.000004175281389884111
Sat Jul 08 2017 02:53:55  cost 0.0000041752813898840904
Sat Jul 08 2017 02:55:23  cost 0.0000041752813898840904
Sat Jul 08 2017 02:56:50  cost 0.0000041752813898840904
Sat Jul 08 2017 02:58:18  cost 0.0000041752813898840904
Sat Jul 08 2017 02:59:45  cost 0.000004175281389884135
Sat Jul 08 2017 03:01:13  cost 0.0000041752813898840904
Sat Jul 08 2017 03:02:35  cost 0.0000041752813898840904
Sat Jul 08 2017 03:04:03  cost 0.000004175281389884135
Sat Jul 08 2017 03:05:30  cost 0.0000041752813898840904
Sat Jul 08 2017 03:06:57  cost 0.0000041752813898840904
Sat Jul 08 2017 03:08:25  cost 0.0000041752813898840904
Sat Jul 08 2017 03:09:52  cost 0.0000041752813898840904
Sat Jul 08 2017 03:11:19  cost 0.0000041752813898840904
Sat Jul 08 2017 03:12:47  cost 0.0000041752813898840904
Sat Jul 08 2017 03:14:14  cost 0.0000041752813898840904
Sat Jul 08 2017 03:15:40  cost 0.0000041752813898840904
Sat Jul 08 2017 03:17:07  cost 0.000004175281389884111
Sat Jul 08 2017 03:18:34  cost 0.0000041752813898840904
Sat Jul 08 2017 03:20:02  cost 0.0000041752813898840904
Sat Jul 08 2017 03:21:29  cost 0.0000041752813898840904
Sat Jul 08 2017 03:22:52  cost 0.0000041752813898840904
Sat Jul 08 2017 03:24:19  cost 0.000004175281389884135
Sat Jul 08 2017 03:25:47  cost 0.0000041752813898840904
Sat Jul 08 2017 03:27:14  cost 0.0000041752813898840904
Sat Jul 08 2017 03:28:41  cost 0.000004175281389884135
Sat Jul 08 2017 03:30:08  cost 0.0000041752813898840904
Sat Jul 08 2017 03:31:35  cost 0.0000041752813898840904
Sat Jul 08 2017 03:33:02  cost 0.0000041752813898840904
Sat Jul 08 2017 03:34:30  cost 0.0000041752813898840904
Sat Jul 08 2017 03:35:58  cost 0.0000041752813898840904
Sat Jul 08 2017 03:37:25  cost 0.0000041752813898840904
Sat Jul 08 2017 03:38:52  cost 0.0000041752813898840904
Sat Jul 08 2017 03:40:19  cost 0.0000041752813898840904
Sat Jul 08 2017 03:41:45  cost 0.000004175281389884111
Sat Jul 08 2017 03:43:13  cost 0.0000041752813898840904
Sat Jul 08 2017 03:44:41  cost 0.0000041752813898840904
Sat Jul 08 2017 03:46:08  cost 0.0000041752813898840904
Sat Jul 08 2017 03:47:38  cost 0.0000041752813898840904
Sat Jul 08 2017 03:49:05  cost 0.000004175281389884135
Sat Jul 08 2017 03:50:33  cost 0.0000041752813898840904
Sat Jul 08 2017 03:52:00  cost 0.0000041752813898840904
Sat Jul 08 2017 03:53:26  cost 0.000004175281389884135
Sat Jul 08 2017 03:54:54  cost 0.0000041752813898840904
Sat Jul 08 2017 03:56:22  cost 0.0000041752813898840904
Sat Jul 08 2017 03:57:49  cost 0.0000041752813898840904
Sat Jul 08 2017 03:59:17  cost 0.0000041752813898840904
Sat Jul 08 2017 04:00:45  cost 0.0000041752813898840904
Sat Jul 08 2017 04:02:10  cost 0.0000041752813898840904
Sat Jul 08 2017 04:03:35  cost 0.0000041752813898840904
Sat Jul 08 2017 04:05:03  cost 0.0000041752813898840904
Sat Jul 08 2017 04:06:30  cost 0.000004175281389884111
Sat Jul 08 2017 04:07:57  cost 0.0000041752813898840904
Sat Jul 08 2017 04:09:25  cost 0.0000041752813898840904
Sat Jul 08 2017 04:10:52  cost 0.0000041752813898840904
Sat Jul 08 2017 04:12:16  cost 0.0000041752813898840904
Sat Jul 08 2017 04:13:43  cost 0.000004175281389884135
Sat Jul 08 2017 04:15:11  cost 0.0000041752813898840904
Sat Jul 08 2017 04:16:38  cost 0.0000041752813898840904
Sat Jul 08 2017 04:18:06  cost 0.000004175281389884135
Sat Jul 08 2017 04:19:33  cost 0.0000041752813898840904
Sat Jul 08 2017 04:21:00  cost 0.0000041752813898840904
Sat Jul 08 2017 04:22:27  cost 0.0000041752813898840904
Sat Jul 08 2017 04:23:54  cost 0.0000041752813898840904
Sat Jul 08 2017 04:25:22  cost 0.0000041752813898840904
Sat Jul 08 2017 04:26:49  cost 0.0000041752813898840904
Sat Jul 08 2017 04:28:17  cost 0.0000041752813898840904
Sat Jul 08 2017 04:29:44  cost 0.0000041752813898840904
Sat Jul 08 2017 04:31:12  cost 0.000004175281389884111
Sat Jul 08 2017 04:32:39  cost 0.0000041752813898840904
Sat Jul 08 2017 04:34:05  cost 0.0000041752813898840904
Sat Jul 08 2017 04:35:33  cost 0.0000041752813898840904
Sat Jul 08 2017 04:37:00  cost 0.0000041752813898840904
Sat Jul 08 2017 04:38:27  cost 0.000004175281389884135
Sat Jul 08 2017 04:39:55  cost 0.0000041752813898840904
Sat Jul 08 2017 04:41:22  cost 0.0000041752813898840904
Sat Jul 08 2017 04:42:49  cost 0.000004175281389884135
Sat Jul 08 2017 04:44:15  cost 0.0000041752813898840904
Sat Jul 08 2017 04:45:39  cost 0.0000041752813898840904
Sat Jul 08 2017 04:47:10  cost 0.0000041752813898840904
Sat Jul 08 2017 04:48:36  cost 0.0000041752813898840904
Sat Jul 08 2017 04:50:04  cost 0.0000041752813898840904
Sat Jul 08 2017 04:51:32  cost 0.0000041752813898840904
Sat Jul 08 2017 04:53:00  cost 0.0000041752813898840904
Sat Jul 08 2017 04:54:27  cost 0.0000041752813898840904
Sat Jul 08 2017 04:55:55  cost 0.000004175281389884111
Sat Jul 08 2017 04:57:22  cost 0.0000041752813898840904
Sat Jul 08 2017 04:58:50  cost 0.0000041752813898840904
Sat Jul 08 2017 05:00:16  cost 0.0000041752813898840904
Sat Jul 08 2017 05:01:42  cost 0.0000041752813898840904
Sat Jul 08 2017 05:03:09  cost 0.000004175281389884135
Sat Jul 08 2017 05:04:37  cost 0.0000041752813898840904
Sat Jul 08 2017 05:06:03  cost 0.0000041752813898840904
Sat Jul 08 2017 05:07:31  cost 0.000004175281389884135
Sat Jul 08 2017 05:08:57  cost 0.0000041752813898840904
Sat Jul 08 2017 05:10:25  cost 0.0000041752813898840904
Sat Jul 08 2017 05:11:52  cost 0.0000041752813898840904
Sat Jul 08 2017 05:13:19  cost 0.0000041752813898840904
Sat Jul 08 2017 05:14:46  cost 0.0000041752813898840904
Sat Jul 08 2017 05:16:14  cost 0.0000041752813898840904
Sat Jul 08 2017 05:17:38  cost 0.0000041752813898840904
Sat Jul 08 2017 05:19:05  cost 0.0000041752813898840904
Sat Jul 08 2017 05:20:32  cost 0.000004175281389884111
Sat Jul 08 2017 05:22:00  cost 0.0000041752813898840904
Sat Jul 08 2017 05:23:26  cost 0.0000041752813898840904
Sat Jul 08 2017 05:24:54  cost 0.0000041752813898840904
Sat Jul 08 2017 05:26:21  cost 0.0000041752813898840904
Sat Jul 08 2017 05:27:49  cost 0.000004175281389884135
Sat Jul 08 2017 05:29:16  cost 0.0000041752813898840904
Sat Jul 08 2017 05:30:38  cost 0.0000041752813898840904
Sat Jul 08 2017 05:32:05  cost 0.000004175281389884135
Sat Jul 08 2017 05:33:33  cost 0.0000041752813898840904
Sat Jul 08 2017 05:35:00  cost 0.0000041752813898840904
Sat Jul 08 2017 05:36:27  cost 0.0000041752813898840904
Sat Jul 08 2017 05:37:55  cost 0.0000041752813898840904
Sat Jul 08 2017 05:39:22  cost 0.0000041752813898840904
Sat Jul 08 2017 05:40:49  cost 0.0000041752813898840904
Sat Jul 08 2017 05:42:17  cost 0.0000041752813898840904
Sat Jul 08 2017 05:43:44  cost 0.0000041752813898840904
Sat Jul 08 2017 05:45:12  cost 0.000004175281389884111
Sat Jul 08 2017 05:46:40  cost 0.0000041752813898840904
Sat Jul 08 2017 05:48:10  cost 0.0000041752813898840904
Sat Jul 08 2017 05:49:38  cost 0.0000041752813898840904
Sat Jul 08 2017 05:51:06  cost 0.0000041752813898840904
Sat Jul 08 2017 05:52:33  cost 0.000004175281389884135
Sat Jul 08 2017 05:54:00  cost 0.0000041752813898840904
Sat Jul 08 2017 05:55:28  cost 0.0000041752813898840904
Sat Jul 08 2017 05:56:55  cost 0.000004175281389884135
Sat Jul 08 2017 05:58:23  cost 0.0000041752813898840904
Sat Jul 08 2017 05:59:50  cost 0.0000041752813898840904
Sat Jul 08 2017 06:01:18  cost 0.0000041752813898840904
Sat Jul 08 2017 06:02:45  cost 0.0000041752813898840904
Sat Jul 08 2017 06:04:13  cost 0.0000041752813898840904
Sat Jul 08 2017 06:05:40  cost 0.0000041752813898840904
Sat Jul 08 2017 06:07:08  cost 0.0000041752813898840904
Sat Jul 08 2017 06:08:34  cost 0.0000041752813898840904
Sat Jul 08 2017 06:10:02  cost 0.000004175281389884111
Sat Jul 08 2017 06:11:26  cost 0.0000041752813898840904
Sat Jul 08 2017 06:12:53  cost 0.0000041752813898840904
Sat Jul 08 2017 06:14:21  cost 0.0000041752813898840904
Sat Jul 08 2017 06:15:48  cost 0.0000041752813898840904
Sat Jul 08 2017 06:17:15  cost 0.000004175281389884135
Sat Jul 08 2017 06:18:43  cost 0.0000041752813898840904
Sat Jul 08 2017 06:20:10  cost 0.0000041752813898840904
Sat Jul 08 2017 06:21:37  cost 0.000004175281389884135
Sat Jul 08 2017 06:23:04  cost 0.0000041752813898840904
Sat Jul 08 2017 06:24:31  cost 0.0000041752813898840904
Sat Jul 08 2017 06:25:59  cost 0.0000041752813898840904
Sat Jul 08 2017 06:27:26  cost 0.0000041752813898840904
Sat Jul 08 2017 06:28:53  cost 0.0000041752813898840904
Sat Jul 08 2017 06:30:20  cost 0.0000041752813898840904
Sat Jul 08 2017 06:31:48  cost 0.0000041752813898840904
Sat Jul 08 2017 06:33:15  cost 0.0000041752813898840904
Sat Jul 08 2017 06:34:42  cost 0.000004175281389884111
Sat Jul 08 2017 06:36:09  cost 0.0000041752813898840904
